
Showing logs for build [32mcb-kubecd-bdd-spring-1568284140-1[0m stage [32mmeta-pipeline[0m and container [32mstep-credential-initializer-jtwdb[0m
{"level":"warn","ts":1568284188.364029,"logger":"fallback-logger","caller":"logging/config.go:69","msg":"Fetch GitHub commit ID from kodata failed: \"ref: refs/heads/master\" is not a valid GitHub commit ID"}
{"level":"info","ts":1568284188.3653147,"logger":"fallback-logger","caller":"creds-init/main.go:40","msg":"Credentials initialized."}

Showing logs for build [32mcb-kubecd-bdd-spring-1568284140-1[0m stage [32mmeta-pipeline[0m and container [32mstep-working-dir-initializer-qkp5j[0m
{"level":"warn","ts":1568284190.2311404,"logger":"fallback-logger","caller":"logging/config.go:69","msg":"Fetch GitHub commit ID from kodata failed: open /var/run/ko/HEAD: no such file or directory"}
{"level":"info","ts":1568284190.2324197,"logger":"fallback-logger","caller":"bash/main.go:65","msg":"Successfully executed command \"mkdir -p /workspace/source\""}

Showing logs for build [32mcb-kubecd-bdd-spring-1568284140-1[0m stage [32mmeta-pipeline[0m and container [32mstep-place-tools[0m

Showing logs for build [32mcb-kubecd-bdd-spring-1568284140-1[0m stage [32mmeta-pipeline[0m and container [32mstep-git-source-meta-cb-kubecd-bdd-spring-15682-lpc2k[0m
{"level":"warn","ts":1568284202.4674358,"logger":"fallback-logger","caller":"logging/config.go:69","msg":"Fetch GitHub commit ID from kodata failed: \"ref: refs/heads/master\" is not a valid GitHub commit ID"}
{"level":"info","ts":1568284203.8798728,"logger":"fallback-logger","caller":"git/git.go:102","msg":"Successfully cloned https://github.com/cb-kubecd/bdd-spring-1568284140.git @ b8b7d2206d764cfbf8ad611990def9ccb9493ab8 in path /workspace/source"}

Showing logs for build [32mcb-kubecd-bdd-spring-1568284140-1[0m stage [32mmeta-pipeline[0m and container [32mstep-git-merge[0m
Using SHAs from PULL_REFS=master:b8b7d2206d764cfbf8ad611990def9ccb9493ab8
WARNING: no SHAs to merge, falling back to initial cloned commit

Showing logs for build [32mcb-kubecd-bdd-spring-1568284140-1[0m stage [32mmeta-pipeline[0m and container [32mstep-merge-pull-refs[0m
SKIP merge-pull-refs: Nothing to merge

Showing logs for build [32mcb-kubecd-bdd-spring-1568284140-1[0m stage [32mmeta-pipeline[0m and container [32mstep-create-effective-pipeline[0m
Deleting and cloning the Jenkins X versions repo
Cloning the Jenkins X versions repo https://github.com/jenkins-x/jenkins-x-versions.git with ref refs/heads/master to /builder/home/.**/jenkins-x-versions
Effective pipeline written to jenkins-x-effective.yml

Showing logs for build [32mcb-kubecd-bdd-spring-1568284140-1[0m stage [32mmeta-pipeline[0m and container [32mstep-create-tekton-crds[0m
running command: echo \$(**-release-version) > VERSION

running command: mvn versions:set -DnewVersion=\$(cat VERSION)
Picked up _JAVA_OPTIONS: -XX:+UnlockExperimentalVMOptions -XX:+UseCGroupMemoryLimitForHeap -Dsun.zip.disableMemoryMapping=true -XX:+UseParallelGC -XX:MinHeapFreeRatio=5 -XX:MaxHeapFreeRatio=10 -XX:GCTimeRatio=4 -XX:AdaptiveSizePolicyWeight=90 -Xms10m -Xmx192m
OpenJDK 64-Bit Server VM warning: If the number of processors is expected to increase from one, then you should configure the number of parallel GC threads appropriately using -XX:ParallelGCThreads=N
[INFO] Scanning for projects...
[INFO] 
[INFO] -----------------< com.example:bdd-spring-1568284140 >------------------
[INFO] Building demo 0.0.1-SNAPSHOT
[INFO] --------------------------------[ jar ]---------------------------------
[INFO] 
[INFO] --- versions-maven-plugin:2.7:set (default-cli) @ bdd-spring-1568284140 ---
[INFO] Searching for local aggregator root...
[INFO] Local aggregation root: /workspace/source
[INFO] Processing change of com.example:bdd-spring-1568284140:0.0.1-SNAPSHOT -> 0.0.1
[INFO] Processing com.example:bdd-spring-1568284140
[INFO]     Updating project com.example:bdd-spring-1568284140
[INFO]         from version 0.0.1-SNAPSHOT to 0.0.1
[INFO] 
[INFO] ------------------------------------------------------------------------
[INFO] BUILD SUCCESS
[INFO] ------------------------------------------------------------------------
[INFO] Total time:  45.244 s
[INFO] Finished at: 2019-09-12T10:30:58Z
[INFO] ------------------------------------------------------------------------

running command: ** step tag --version \$(cat VERSION)
Updating chart version in charts/bdd-spring-1568284140/Chart.yaml to 0.0.1
Updating repository in charts/bdd-spring-1568284140/values.yaml to gcr.io/jenkins-x-bdd3/bdd-spring-1568284140
Updating tag in charts/bdd-spring-1568284140/values.yaml to 0.0.1
Tag v0.0.1 created and pushed to remote origin

PipelineActivity for cb-kubecd-bdd-spring-1568284140-master-1
Applying changes 
upserted PipelineResource cb-kubecd-bdd-spring-1568284140 for the git repository https://github.com/cb-kubecd/bdd-spring-1568284140.git
upserted Task cb-kubecd-bdd-spring-1568284140-from-build-pack-1
upserted Pipeline cb-kubecd-bdd-spring-1568284140-1
created PipelineRun cb-kubecd-bdd-spring-1568284140-1
created PipelineStructure cb-kubecd-bdd-spring-1568284140-1

Showing logs for build [32mcb-kubecd-bdd-spring-1568284140-1[0m stage [32mfrom-build-pack[0m and container [32mstep-credential-initializer-qwvsn[0m
{"level":"warn","ts":1568284266.2433367,"logger":"fallback-logger","caller":"logging/config.go:69","msg":"Fetch GitHub commit ID from kodata failed: \"ref: refs/heads/master\" is not a valid GitHub commit ID"}
{"level":"info","ts":1568284266.2439902,"logger":"fallback-logger","caller":"creds-init/main.go:40","msg":"Credentials initialized."}

Showing logs for build [32mcb-kubecd-bdd-spring-1568284140-1[0m stage [32mfrom-build-pack[0m and container [32mstep-working-dir-initializer-bq7bc[0m
{"level":"warn","ts":1568284267.5895424,"logger":"fallback-logger","caller":"logging/config.go:69","msg":"Fetch GitHub commit ID from kodata failed: open /var/run/ko/HEAD: no such file or directory"}
{"level":"info","ts":1568284267.5998092,"logger":"fallback-logger","caller":"bash/main.go:65","msg":"Successfully executed command \"mkdir -p /workspace/source /workspace/source/charts/bdd-spring-1568284140\""}

Showing logs for build [32mcb-kubecd-bdd-spring-1568284140-1[0m stage [32mfrom-build-pack[0m and container [32mstep-place-tools[0m

Showing logs for build [32mcb-kubecd-bdd-spring-1568284140-1[0m stage [32mfrom-build-pack[0m and container [32mstep-git-source-cb-kubecd-bdd-spring-1568284140-vwqz7[0m
{"level":"warn","ts":1568284277.7178347,"logger":"fallback-logger","caller":"logging/config.go:69","msg":"Fetch GitHub commit ID from kodata failed: \"ref: refs/heads/master\" is not a valid GitHub commit ID"}
{"level":"info","ts":1568284278.931259,"logger":"fallback-logger","caller":"git/git.go:102","msg":"Successfully cloned https://github.com/cb-kubecd/bdd-spring-1568284140.git @ v0.0.1 in path /workspace/source"}

Showing logs for build [32mcb-kubecd-bdd-spring-1568284140-1[0m stage [32mfrom-build-pack[0m and container [32mstep-git-merge[0m
Using SHAs from PULL_REFS=master:b8b7d2206d764cfbf8ad611990def9ccb9493ab8
WARNING: no SHAs to merge, falling back to initial cloned commit

Showing logs for build [32mcb-kubecd-bdd-spring-1568284140-1[0m stage [32mfrom-build-pack[0m and container [32mstep-setup-jx-git-credentials[0m
Generated Git credentials file /workspace/xdg_config/git/credentials

Showing logs for build [32mcb-kubecd-bdd-spring-1568284140-1[0m stage [32mfrom-build-pack[0m and container [32mstep-build-mvn-deploy[0m
Picked up _JAVA_OPTIONS: -XX:+UnlockExperimentalVMOptions -XX:+UseCGroupMemoryLimitForHeap -Dsun.zip.disableMemoryMapping=true -XX:+UseParallelGC -XX:MinHeapFreeRatio=5 -XX:MaxHeapFreeRatio=10 -XX:GCTimeRatio=4 -XX:AdaptiveSizePolicyWeight=90 -Xms10m -Xmx192m
OpenJDK 64-Bit Server VM warning: If the number of processors is expected to increase from one, then you should configure the number of parallel GC threads appropriately using -XX:ParallelGCThreads=N
[INFO] Scanning for projects...
[INFO] 
[INFO] -----------------< com.example:bdd-spring-1568284140 >------------------
[INFO] Building demo 0.0.1
[INFO] --------------------------------[ jar ]---------------------------------
[INFO] 
[INFO] --- maven-clean-plugin:3.1.0:clean (default-clean) @ bdd-spring-1568284140 ---
[INFO] 
[INFO] --- maven-resources-plugin:3.1.0:resources (default-resources) @ bdd-spring-1568284140 ---
[INFO] Using 'UTF-8' encoding to copy filtered resources.
[INFO] Copying 1 resource
[INFO] Copying 0 resource
[INFO] 
[INFO] --- maven-compiler-plugin:3.8.1:compile (default-compile) @ bdd-spring-1568284140 ---
[INFO] Changes detected - recompiling the module!
[INFO] Compiling 1 source file to /workspace/source/target/classes
[INFO] 
[INFO] --- maven-resources-plugin:3.1.0:testResources (default-testResources) @ bdd-spring-1568284140 ---
[INFO] Using 'UTF-8' encoding to copy filtered resources.
[INFO] skip non existing resourceDirectory /workspace/source/src/test/resources
[INFO] 
[INFO] --- maven-compiler-plugin:3.8.1:testCompile (default-testCompile) @ bdd-spring-1568284140 ---
[INFO] Changes detected - recompiling the module!
[INFO] Compiling 1 source file to /workspace/source/target/test-classes
[INFO] 
[INFO] --- maven-surefire-plugin:3.0.0-M1:test (default-test) @ bdd-spring-1568284140 ---
[INFO] 
[INFO] -------------------------------------------------------
[INFO]  T E S T S
[INFO] -------------------------------------------------------
[INFO] Running com.example.bddspring1568284140.DemoApplicationTests
10:31:51.637 [main] DEBUG org.springframework.test.context.junit4.SpringJUnit4ClassRunner - SpringJUnit4ClassRunner constructor called with [class com.example.bddspring1568284140.DemoApplicationTests]
10:31:51.654 [main] DEBUG org.springframework.test.context.BootstrapUtils - Instantiating CacheAwareContextLoaderDelegate from class [org.springframework.test.context.cache.DefaultCacheAwareContextLoaderDelegate]
10:31:51.677 [main] DEBUG org.springframework.test.context.BootstrapUtils - Instantiating BootstrapContext using constructor [public org.springframework.test.context.support.DefaultBootstrapContext(java.lang.Class,org.springframework.test.context.CacheAwareContextLoaderDelegate)]
10:31:51.718 [main] DEBUG org.springframework.test.context.BootstrapUtils - Instantiating TestContextBootstrapper for test class [com.example.bddspring1568284140.DemoApplicationTests] from class [org.springframework.boot.test.context.SpringBootTestContextBootstrapper]
10:31:51.744 [main] INFO org.springframework.boot.test.context.SpringBootTestContextBootstrapper - Neither @ContextConfiguration nor @ContextHierarchy found for test class [com.example.bddspring1568284140.DemoApplicationTests], using SpringBootContextLoader
10:31:51.756 [main] DEBUG org.springframework.test.context.support.AbstractContextLoader - Did not detect default resource location for test class [com.example.bddspring1568284140.DemoApplicationTests]: class path resource [com/example/bddspring1568284140/DemoApplicationTests-context.xml] does not exist
10:31:51.757 [main] DEBUG org.springframework.test.context.support.AbstractContextLoader - Did not detect default resource location for test class [com.example.bddspring1568284140.DemoApplicationTests]: class path resource [com/example/bddspring1568284140/DemoApplicationTestsContext.groovy] does not exist
10:31:51.757 [main] INFO org.springframework.test.context.support.AbstractContextLoader - Could not detect default resource locations for test class [com.example.bddspring1568284140.DemoApplicationTests]: no resource found for suffixes {-context.xml, Context.groovy}.
10:31:51.758 [main] INFO org.springframework.test.context.support.AnnotationConfigContextLoaderUtils - Could not detect default configuration classes for test class [com.example.bddspring1568284140.DemoApplicationTests]: DemoApplicationTests does not declare any static, non-private, non-final, nested classes annotated with @Configuration.
10:31:51.885 [main] DEBUG org.springframework.test.context.support.ActiveProfilesUtils - Could not find an 'annotation declaring class' for annotation type [org.springframework.test.context.ActiveProfiles] and class [com.example.bddspring1568284140.DemoApplicationTests]
10:31:52.042 [main] DEBUG org.springframework.context.annotation.ClassPathScanningCandidateComponentProvider - Identified candidate component class: file [/workspace/source/target/classes/com/example/bddspring1568284140/DemoApplication.class]
10:31:52.047 [main] INFO org.springframework.boot.test.context.SpringBootTestContextBootstrapper - Found @SpringBootConfiguration com.example.bddspring1568284140.DemoApplication for test class com.example.bddspring1568284140.DemoApplicationTests
10:31:52.246 [main] DEBUG org.springframework.boot.test.context.SpringBootTestContextBootstrapper - @TestExecutionListeners is not present for class [com.example.bddspring1568284140.DemoApplicationTests]: using defaults.
10:31:52.246 [main] INFO org.springframework.boot.test.context.SpringBootTestContextBootstrapper - Loaded default TestExecutionListener class names from location [META-INF/spring.factories]: [org.springframework.boot.test.mock.mockito.MockitoTestExecutionListener, org.springframework.boot.test.mock.mockito.ResetMocksTestExecutionListener, org.springframework.boot.test.autoconfigure.restdocs.RestDocsTestExecutionListener, org.springframework.boot.test.autoconfigure.web.client.MockRestServiceServerResetTestExecutionListener, org.springframework.boot.test.autoconfigure.web.servlet.MockMvcPrintOnlyOnFailureTestExecutionListener, org.springframework.boot.test.autoconfigure.web.servlet.WebDriverTestExecutionListener, org.springframework.test.context.web.ServletTestExecutionListener, org.springframework.test.context.support.DirtiesContextBeforeModesTestExecutionListener, org.springframework.test.context.support.DependencyInjectionTestExecutionListener, org.springframework.test.context.support.DirtiesContextTestExecutionListener, org.springframework.test.context.transaction.TransactionalTestExecutionListener, org.springframework.test.context.jdbc.SqlScriptsTestExecutionListener]
10:31:52.279 [main] DEBUG org.springframework.boot.test.context.SpringBootTestContextBootstrapper - Skipping candidate TestExecutionListener [org.springframework.test.context.transaction.TransactionalTestExecutionListener] due to a missing dependency. Specify custom listener classes or make the default listener classes and their required dependencies available. Offending class: [org/springframework/transaction/TransactionDefinition]
10:31:52.284 [main] DEBUG org.springframework.boot.test.context.SpringBootTestContextBootstrapper - Skipping candidate TestExecutionListener [org.springframework.test.context.jdbc.SqlScriptsTestExecutionListener] due to a missing dependency. Specify custom listener classes or make the default listener classes and their required dependencies available. Offending class: [org/springframework/transaction/interceptor/TransactionAttribute]
10:31:52.288 [main] INFO org.springframework.boot.test.context.SpringBootTestContextBootstrapper - Using TestExecutionListeners: [org.springframework.test.context.web.ServletTestExecutionListener@31368b99, org.springframework.test.context.support.DirtiesContextBeforeModesTestExecutionListener@1725dc0f, org.springframework.boot.test.mock.mockito.MockitoTestExecutionListener@3911c2a7, org.springframework.boot.test.autoconfigure.SpringBootDependencyInjectionTestExecutionListener@4ac3c60d, org.springframework.test.context.support.DirtiesContextTestExecutionListener@4facf68f, org.springframework.boot.test.mock.mockito.ResetMocksTestExecutionListener@76508ed1, org.springframework.boot.test.autoconfigure.restdocs.RestDocsTestExecutionListener@41e36e46, org.springframework.boot.test.autoconfigure.web.client.MockRestServiceServerResetTestExecutionListener@15c43bd9, org.springframework.boot.test.autoconfigure.web.servlet.MockMvcPrintOnlyOnFailureTestExecutionListener@3d74bf60, org.springframework.boot.test.autoconfigure.web.servlet.WebDriverTestExecutionListener@4f209819]
10:31:52.298 [main] DEBUG org.springframework.test.annotation.ProfileValueUtils - Retrieved @ProfileValueSourceConfiguration [null] for test class [com.example.bddspring1568284140.DemoApplicationTests]
10:31:52.301 [main] DEBUG org.springframework.test.annotation.ProfileValueUtils - Retrieved ProfileValueSource type [class org.springframework.test.annotation.SystemProfileValueSource] for class [com.example.bddspring1568284140.DemoApplicationTests]
10:31:52.307 [main] DEBUG org.springframework.test.annotation.ProfileValueUtils - Retrieved @ProfileValueSourceConfiguration [null] for test class [com.example.bddspring1568284140.DemoApplicationTests]
10:31:52.308 [main] DEBUG org.springframework.test.annotation.ProfileValueUtils - Retrieved ProfileValueSource type [class org.springframework.test.annotation.SystemProfileValueSource] for class [com.example.bddspring1568284140.DemoApplicationTests]
10:31:52.310 [main] DEBUG org.springframework.test.annotation.ProfileValueUtils - Retrieved @ProfileValueSourceConfiguration [null] for test class [com.example.bddspring1568284140.DemoApplicationTests]
10:31:52.318 [main] DEBUG org.springframework.test.annotation.ProfileValueUtils - Retrieved ProfileValueSource type [class org.springframework.test.annotation.SystemProfileValueSource] for class [com.example.bddspring1568284140.DemoApplicationTests]
10:31:52.323 [main] DEBUG org.springframework.test.context.support.AbstractDirtiesContextTestExecutionListener - Before test class: context [DefaultTestContext@3835c46 testClass = DemoApplicationTests, testInstance = [null], testMethod = [null], testException = [null], mergedContextConfiguration = [WebMergedContextConfiguration@1dde4cb2 testClass = DemoApplicationTests, locations = '{}', classes = '{class com.example.bddspring1568284140.DemoApplication}', contextInitializerClasses = '[]', activeProfiles = '{}', propertySourceLocations = '{}', propertySourceProperties = '{org.springframework.boot.test.context.SpringBootTestContextBootstrapper=true}', contextCustomizers = set[org.springframework.boot.test.context.filter.ExcludeFilterContextCustomizer@4e7dc304, org.springframework.boot.test.json.DuplicateJsonObjectContextCustomizerFactory$DuplicateJsonObjectContextCustomizer@48503868, org.springframework.boot.test.mock.mockito.MockitoContextCustomizer@0, org.springframework.boot.test.web.client.TestRestTemplateContextCustomizer@1f57539, org.springframework.boot.test.autoconfigure.properties.PropertyMappingContextCustomizer@0, org.springframework.boot.test.autoconfigure.web.servlet.WebDriverContextCustomizerFactory$Customizer@bd8db5a], resourceBasePath = 'src/main/webapp', contextLoader = 'org.springframework.boot.test.context.SpringBootContextLoader', parent = [null]], attributes = map['org.springframework.test.context.web.ServletTestExecutionListener.activateListener' -> true]], class annotated with @DirtiesContext [false] with mode [null].
10:31:52.331 [main] DEBUG org.springframework.test.annotation.ProfileValueUtils - Retrieved @ProfileValueSourceConfiguration [null] for test class [com.example.bddspring1568284140.DemoApplicationTests]
10:31:52.331 [main] DEBUG org.springframework.test.annotation.ProfileValueUtils - Retrieved ProfileValueSource type [class org.springframework.test.annotation.SystemProfileValueSource] for class [com.example.bddspring1568284140.DemoApplicationTests]
10:31:52.407 [main] DEBUG org.springframework.test.context.support.TestPropertySourceUtils - Adding inlined properties to environment: {spring.jmx.enabled=false, org.springframework.boot.test.context.SpringBootTestContextBootstrapper=true, server.port=-1}

  .   ____          _            __ _ _
 /\\ / ___'_ __ _ _(_)_ __  __ _ \ \ \ \
( ( )\___ | '_ | '_| | '_ \/ _` | \ \ \ \
 \\/  ___)| |_)| | | | | || (_| |  ) ) ) )
  '  |____| .__|_| |_|_| |_\__, | / / / /
 =========|_|==============|___/=/_/_/_/
 :: Spring Boot ::        (v2.1.8.RELEASE)

2019-09-12 10:31:53.035  INFO 68 --- [           main] c.e.b.DemoApplicationTests               : Starting DemoApplicationTests on cb-kubecd-bdd-spring-1568284140-1-from-build-pack-s75rf-pod-ec2 with PID 68 (started by root in /workspace/source)
2019-09-12 10:31:53.036  INFO 68 --- [           main] c.e.b.DemoApplicationTests               : No active profile set, falling back to default profiles: default
2019-09-12 10:31:58.364  INFO 68 --- [           main] o.s.s.concurrent.ThreadPoolTaskExecutor  : Initializing ExecutorService 'applicationTaskExecutor'
2019-09-12 10:32:00.154  INFO 68 --- [           main] o.s.b.a.e.web.EndpointLinksResolver      : Exposing 2 endpoint(s) beneath base path '/actuator'
2019-09-12 10:32:00.313  INFO 68 --- [           main] c.e.b.DemoApplicationTests               : Started DemoApplicationTests in 7.88 seconds (JVM running for 9.465)
[INFO] Tests run: 1, Failures: 0, Errors: 0, Skipped: 0, Time elapsed: 9.274 s - in com.example.bddspring1568284140.DemoApplicationTests
2019-09-12 10:32:00.625  INFO 68 --- [       Thread-2] o.s.s.concurrent.ThreadPoolTaskExecutor  : Shutting down ExecutorService 'applicationTaskExecutor'
[INFO] 
[INFO] Results:
[INFO] 
[INFO] Tests run: 1, Failures: 0, Errors: 0, Skipped: 0
[INFO] 
[INFO] 
[INFO] --- maven-jar-plugin:3.1.2:jar (default-jar) @ bdd-spring-1568284140 ---
[INFO] Building jar: /workspace/source/target/bdd-spring-1568284140-0.0.1.jar
[INFO] 
[INFO] --- spring-boot-maven-plugin:2.1.8.RELEASE:repackage (repackage) @ bdd-spring-1568284140 ---
[INFO] Replacing main artifact with repackaged archive
[INFO] 
[INFO] --- maven-install-plugin:2.5.2:install (default-install) @ bdd-spring-1568284140 ---
[INFO] Installing /workspace/source/target/bdd-spring-1568284140-0.0.1.jar to /root/.mvnrepository/com/example/bdd-spring-1568284140/0.0.1/bdd-spring-1568284140-0.0.1.jar
[INFO] Installing /workspace/source/pom.xml to /root/.mvnrepository/com/example/bdd-spring-1568284140/0.0.1/bdd-spring-1568284140-0.0.1.pom
[INFO] 
[INFO] --- maven-deploy-plugin:2.8.2:deploy (default-deploy) @ bdd-spring-1568284140 ---
[INFO] Using alternate deployment repository nexus::default::http://nexus/repository/maven-releases/
[INFO] ------------------------------------------------------------------------
[INFO] BUILD SUCCESS
[INFO] ------------------------------------------------------------------------
[INFO] Total time:  54.035 s
[INFO] Finished at: 2019-09-12T10:32:16Z
[INFO] ------------------------------------------------------------------------

Showing logs for build [32mcb-kubecd-bdd-spring-1568284140-1[0m stage [32mfrom-build-pack[0m and container [32mstep-build-skaffold-version[0m
v0.37.0

Showing logs for build [32mcb-kubecd-bdd-spring-1568284140-1[0m stage [32mfrom-build-pack[0m and container [32mstep-build-container-build[0m
[36mINFO[0m[0000] Downloading base image openjdk:8-jdk-slim    
ERROR: logging before flag.Parse: E0912 10:32:17.293079       9 metadata.go:159] while reading 'google-dockercfg-url' metadata: http status code: 404 while fetching url http://metadata.google.internal./computeMetadata/v1/instance/attributes/google-dockercfg-url
ERROR: logging before flag.Parse: E0912 10:32:17.299427       9 metadata.go:142] while reading 'google-dockercfg' metadata: http status code: 404 while fetching url http://metadata.google.internal./computeMetadata/v1/instance/attributes/google-dockercfg
2019/09/12 10:32:17 No matching credentials were found, falling back on anonymous
[36mINFO[0m[0001] Error while retrieving image from cache: getting file info: stat /workspace/sha256:408aa8da1cd7ceefb963fde518004c7db807dea67870db6d9f2f8ca0a337e979: no such file or directory 
[36mINFO[0m[0001] Downloading base image openjdk:8-jdk-slim    
2019/09/12 10:32:18 No matching credentials were found, falling back on anonymous
[36mINFO[0m[0002] cmd: EXPOSE                                  
[36mINFO[0m[0002] Adding exposed port: 8080/tcp                
[36mINFO[0m[0002] Using files from context: [/workspace/source/pom.xml] 
[36mINFO[0m[0002] Using files from context: [/workspace/source/target/bdd-spring-1568284140-0.0.1.jar] 
[36mINFO[0m[0002] Skipping unpacking as no commands require it. 
[36mINFO[0m[0002] Taking snapshot of full filesystem...        
[36mINFO[0m[0002] ENV PORT 8080                                
[36mINFO[0m[0002] No files changed in this command, skipping snapshotting. 
[36mINFO[0m[0002] ENV CLASSPATH /opt/lib                       
[36mINFO[0m[0002] No files changed in this command, skipping snapshotting. 
[36mINFO[0m[0002] EXPOSE 8080                                  
[36mINFO[0m[0002] cmd: EXPOSE                                  
[36mINFO[0m[0002] Adding exposed port: 8080/tcp                
[36mINFO[0m[0002] No files changed in this command, skipping snapshotting. 
[36mINFO[0m[0002] Using files from context: [/workspace/source/pom.xml] 
[36mINFO[0m[0002] COPY pom.xml target/lib* /opt/lib/           
[36mINFO[0m[0002] Taking snapshot of files...                  
[36mINFO[0m[0002] Using files from context: [/workspace/source/target/bdd-spring-1568284140-0.0.1.jar] 
[36mINFO[0m[0002] COPY target/*.jar /opt/app.jar               
[36mINFO[0m[0002] Taking snapshot of files...                  
[36mINFO[0m[0002] WORKDIR /opt                                 
[36mINFO[0m[0002] cmd: workdir                                 
[36mINFO[0m[0002] Changed working directory to /opt            
[36mINFO[0m[0002] No files changed in this command, skipping snapshotting. 
[36mINFO[0m[0002] CMD ["java", "-XX:+UnlockExperimentalVMOptions", "-XX:+UseCGroupMemoryLimitForHeap", "-jar", "app.jar"] 
[36mINFO[0m[0002] No files changed in this command, skipping snapshotting. 
2019/09/12 10:32:20 existing blob: sha256:9110ea0d47ee3b75e48971381c280070f0d76603288b1da30af905152b7d8250
2019/09/12 10:32:20 existing blob: sha256:1ab2bdfe97783562315f98f94c0769b1897a05f7b0395ca1520ebee08666703b
2019/09/12 10:32:20 existing blob: sha256:80a55c9c9fe89b163322e46d017f346fab100604a4a0a63a1a790b89c1c2105f
2019/09/12 10:32:20 existing blob: sha256:7aaf9a088d61d78b50cd2a58984cc89ed9c0c5c66124fd74b4baa0cba32524c1
2019/09/12 10:32:23 pushed blob: sha256:63103117d60098b4b57c09c7e4dcad111ba0046acc0257ac2f06f0eb326db266
2019/09/12 10:32:23 pushed blob: sha256:a23498f44c8db6f6bc9385d5004dff0c4bf5be96b0e249c50215df54bb21b594
2019/09/12 10:32:25 pushed blob: sha256:08bc69ad753246e32d976adfa27e4c64a7eac477ae532372064896e2607e7102
2019/09/12 10:32:27 gcr.io/jenkins-x-bdd3/bdd-spring-1568284140:0.0.1: digest: sha256:cec9ab029d7098efe3f4ef1fa1662df4d2571d2efe53e1bd5526652436821920 size: 1244

Showing logs for build [32mcb-kubecd-bdd-spring-1568284140-1[0m stage [32mfrom-build-pack[0m and container [32mstep-build-post-build[0m
no CVE provider running in the current ** namespace so skip adding image to be analysed

Showing logs for build [32mcb-kubecd-bdd-spring-1568284140-1[0m stage [32mfrom-build-pack[0m and container [32mstep-promote-changelog[0m
Converted /workspace/source/charts/bdd-spring-1568284140 to an unshallow repository
no previous commit version found so change diff unavailable

Showing logs for build [32mcb-kubecd-bdd-spring-1568284140-1[0m stage [32mfrom-build-pack[0m and container [32mstep-promote-helm-release[0m
WARNING: No $CHART_REPOSITORY defined so using the default value of: http://jenkins-x-chartmuseum:8080
Adding missing Helm repo: storage.googleapis.com https://storage.googleapis.com/chartmuseum.jenkins-x.io
Successfully added Helm repository storage.googleapis.com.
Adding missing Helm repo: jenkins-x-chartmuseum http://jenkins-x-chartmuseum:8080
Successfully added Helm repository jenkins-x-chartmuseum.
WARNING: No $CHART_REPOSITORY defined so using the default value of: http://jenkins-x-chartmuseum:8080
Uploading chart file bdd-spring-1568284140-0.0.1.tgz to http://jenkins-x-chartmuseum:8080/api/charts
Received 201 response: {"saved":true}

Showing logs for build [32mcb-kubecd-bdd-spring-1568284140-1[0m stage [32mfrom-build-pack[0m and container [32mstep-promote-jx-promote[0m
WARNING: prow based install so skip waiting for the merge of Pull Requests to go green as currently there is an issue with gettingstatuses from the PR, see https://github.com/jenkins-x/**/issues/2410
Promoting app bdd-spring-1568284140 version 0.0.1 to namespace **-staging
WARNING: Waiting for the fork of ******************/environment-pr-5452-3-tekton-gkebdd-staging to appear...
Forked Git repository to https://github.com/******************/environment-pr-5452-3-tekton-gkebdd-staging
Created Pull Request: https://github.com/cb-kubecd/environment-pr-5452-3-tekton-gkebdd-staging/pull/1
Pull Request https://github.com/cb-kubecd/environment-pr-5452-3-tekton-gkebdd-staging/pull/1 is merged at sha 962a896675a686e9008e9c68d52ac43b931bef79
Pull Request merged but we are not waiting for the update pipeline to complete!
WARNING: Could not find the service URL in namespace **-staging for names bdd-spring-1568284140, **-bdd-spring-1568284140, **-staging-bdd-spring-1568284140
